CRITICAL - 2024-04-08 17:18:46 --> ErrorException: Cannot use App\Models\VisitaModel as VisitaModel because the name is already in use
in APPPATH\Controllers\Visita.php on line 10.
 1 [internal function]: CodeIgniter\Debug\Exceptions->shutdownHandler()
CRITICAL - 2024-04-08 17:19:38 --> ErrorException: Cannot use App\Models\VisitaModel as VisitaModel because the name is already in use
in APPPATH\Controllers\Visita.php on line 10.
 1 [internal function]: CodeIgniter\Debug\Exceptions->shutdownHandler()
CRITICAL - 2024-04-08 17:20:20 --> ErrorException: Undefined property: App\Controllers\Visita::$mascotaModel
in APPPATH\Controllers\Visita.php on line 46.
 1 APPPATH\Controllers\Visita.php(46): CodeIgniter\Debug\Exceptions->errorHandler(2, 'Undefined property: App\\Controllers\\Visita::$mascotaModel', 'C:\\xampp\\htdocs\\codeigniter\\app\\Controllers\\Visita.php', 46)
 2 SYSTEMPATH\CodeIgniter.php(941): App\Controllers\Visita->postGetAll()
 3 SYSTEMPATH\CodeIgniter.php(502): CodeIgniter\CodeIgniter->runController(Object(App\Controllers\Visita))
 4 SYSTEMPATH\CodeIgniter.php(361): CodeIgniter\CodeIgniter->handleRequest(null, Object(Config\Cache), false)
 5 FCPATH\index.php(79): CodeIgniter\CodeIgniter->run()
CRITICAL - 2024-04-08 17:20:54 --> ErrorException: Undefined property: App\Controllers\Visita::$mascotaModel
in APPPATH\Controllers\Visita.php on line 46.
 1 APPPATH\Controllers\Visita.php(46): CodeIgniter\Debug\Exceptions->errorHandler(2, 'Undefined property: App\\Controllers\\Visita::$mascotaModel', 'C:\\xampp\\htdocs\\codeigniter\\app\\Controllers\\Visita.php', 46)
 2 SYSTEMPATH\CodeIgniter.php(941): App\Controllers\Visita->postGetAll()
 3 SYSTEMPATH\CodeIgniter.php(502): CodeIgniter\CodeIgniter->runController(Object(App\Controllers\Visita))
 4 SYSTEMPATH\CodeIgniter.php(361): CodeIgniter\CodeIgniter->handleRequest(null, Object(Config\Cache), false)
 5 FCPATH\index.php(79): CodeIgniter\CodeIgniter->run()
CRITICAL - 2024-04-08 17:24:04 --> ErrorException: Undefined variable $visitaModel
in APPPATH\Controllers\Visita.php on line 30.
 1 APPPATH\Controllers\Visita.php(30): CodeIgniter\Debug\Exceptions->errorHandler(2, 'Undefined variable $visitaModel', 'C:\\xampp\\htdocs\\codeigniter\\app\\Controllers\\Visita.php', 30)
 2 SYSTEMPATH\CodeIgniter.php(941): App\Controllers\Visita->getIndex()
 3 SYSTEMPATH\CodeIgniter.php(502): CodeIgniter\CodeIgniter->runController(Object(App\Controllers\Visita))
 4 SYSTEMPATH\CodeIgniter.php(361): CodeIgniter\CodeIgniter->handleRequest(null, Object(Config\Cache), false)
 5 FCPATH\index.php(79): CodeIgniter\CodeIgniter->run()
CRITICAL - 2024-04-08 17:26:36 --> ErrorException: Undefined variable $mascotaModel
in APPPATH\Controllers\Visita.php on line 30.
 1 APPPATH\Controllers\Visita.php(30): CodeIgniter\Debug\Exceptions->errorHandler(2, 'Undefined variable $mascotaModel', 'C:\\xampp\\htdocs\\codeigniter\\app\\Controllers\\Visita.php', 30)
 2 SYSTEMPATH\CodeIgniter.php(941): App\Controllers\Visita->getIndex()
 3 SYSTEMPATH\CodeIgniter.php(502): CodeIgniter\CodeIgniter->runController(Object(App\Controllers\Visita))
 4 SYSTEMPATH\CodeIgniter.php(361): CodeIgniter\CodeIgniter->handleRequest(null, Object(Config\Cache), false)
 5 FCPATH\index.php(79): CodeIgniter\CodeIgniter->run()
CRITICAL - 2024-04-08 17:26:36 --> ErrorException: Undefined variable $mascotaModel
in APPPATH\Controllers\Visita.php on line 30.
 1 APPPATH\Controllers\Visita.php(30): CodeIgniter\Debug\Exceptions->errorHandler(2, 'Undefined variable $mascotaModel', 'C:\\xampp\\htdocs\\codeigniter\\app\\Controllers\\Visita.php', 30)
 2 SYSTEMPATH\CodeIgniter.php(941): App\Controllers\Visita->getIndex()
 3 SYSTEMPATH\CodeIgniter.php(502): CodeIgniter\CodeIgniter->runController(Object(App\Controllers\Visita))
 4 SYSTEMPATH\CodeIgniter.php(361): CodeIgniter\CodeIgniter->handleRequest(null, Object(Config\Cache), false)
 5 FCPATH\index.php(79): CodeIgniter\CodeIgniter->run()
CRITICAL - 2024-04-08 17:26:36 --> ErrorException: Undefined variable $mascotaModel
in APPPATH\Controllers\Visita.php on line 30.
 1 APPPATH\Controllers\Visita.php(30): CodeIgniter\Debug\Exceptions->errorHandler(2, 'Undefined variable $mascotaModel', 'C:\\xampp\\htdocs\\codeigniter\\app\\Controllers\\Visita.php', 30)
 2 SYSTEMPATH\CodeIgniter.php(941): App\Controllers\Visita->getIndex()
 3 SYSTEMPATH\CodeIgniter.php(502): CodeIgniter\CodeIgniter->runController(Object(App\Controllers\Visita))
 4 SYSTEMPATH\CodeIgniter.php(361): CodeIgniter\CodeIgniter->handleRequest(null, Object(Config\Cache), false)
 5 FCPATH\index.php(79): CodeIgniter\CodeIgniter->run()
CRITICAL - 2024-04-08 17:26:37 --> ErrorException: Undefined variable $mascotaModel
in APPPATH\Controllers\Visita.php on line 30.
 1 APPPATH\Controllers\Visita.php(30): CodeIgniter\Debug\Exceptions->errorHandler(2, 'Undefined variable $mascotaModel', 'C:\\xampp\\htdocs\\codeigniter\\app\\Controllers\\Visita.php', 30)
 2 SYSTEMPATH\CodeIgniter.php(941): App\Controllers\Visita->getIndex()
 3 SYSTEMPATH\CodeIgniter.php(502): CodeIgniter\CodeIgniter->runController(Object(App\Controllers\Visita))
 4 SYSTEMPATH\CodeIgniter.php(361): CodeIgniter\CodeIgniter->handleRequest(null, Object(Config\Cache), false)
 5 FCPATH\index.php(79): CodeIgniter\CodeIgniter->run()
CRITICAL - 2024-04-08 17:26:37 --> ErrorException: Undefined variable $mascotaModel
in APPPATH\Controllers\Visita.php on line 30.
 1 APPPATH\Controllers\Visita.php(30): CodeIgniter\Debug\Exceptions->errorHandler(2, 'Undefined variable $mascotaModel', 'C:\\xampp\\htdocs\\codeigniter\\app\\Controllers\\Visita.php', 30)
 2 SYSTEMPATH\CodeIgniter.php(941): App\Controllers\Visita->getIndex()
 3 SYSTEMPATH\CodeIgniter.php(502): CodeIgniter\CodeIgniter->runController(Object(App\Controllers\Visita))
 4 SYSTEMPATH\CodeIgniter.php(361): CodeIgniter\CodeIgniter->handleRequest(null, Object(Config\Cache), false)
 5 FCPATH\index.php(79): CodeIgniter\CodeIgniter->run()
CRITICAL - 2024-04-08 17:26:37 --> ErrorException: Undefined variable $mascotaModel
in APPPATH\Controllers\Visita.php on line 30.
 1 APPPATH\Controllers\Visita.php(30): CodeIgniter\Debug\Exceptions->errorHandler(2, 'Undefined variable $mascotaModel', 'C:\\xampp\\htdocs\\codeigniter\\app\\Controllers\\Visita.php', 30)
 2 SYSTEMPATH\CodeIgniter.php(941): App\Controllers\Visita->getIndex()
 3 SYSTEMPATH\CodeIgniter.php(502): CodeIgniter\CodeIgniter->runController(Object(App\Controllers\Visita))
 4 SYSTEMPATH\CodeIgniter.php(361): CodeIgniter\CodeIgniter->handleRequest(null, Object(Config\Cache), false)
 5 FCPATH\index.php(79): CodeIgniter\CodeIgniter->run()
CRITICAL - 2024-04-08 17:26:37 --> ErrorException: Undefined variable $mascotaModel
in APPPATH\Controllers\Visita.php on line 30.
 1 APPPATH\Controllers\Visita.php(30): CodeIgniter\Debug\Exceptions->errorHandler(2, 'Undefined variable $mascotaModel', 'C:\\xampp\\htdocs\\codeigniter\\app\\Controllers\\Visita.php', 30)
 2 SYSTEMPATH\CodeIgniter.php(941): App\Controllers\Visita->getIndex()
 3 SYSTEMPATH\CodeIgniter.php(502): CodeIgniter\CodeIgniter->runController(Object(App\Controllers\Visita))
 4 SYSTEMPATH\CodeIgniter.php(361): CodeIgniter\CodeIgniter->handleRequest(null, Object(Config\Cache), false)
 5 FCPATH\index.php(79): CodeIgniter\CodeIgniter->run()
CRITICAL - 2024-04-08 17:27:13 --> ErrorException: Undefined variable $mascotaModel
in APPPATH\Controllers\Visita.php on line 30.
 1 APPPATH\Controllers\Visita.php(30): CodeIgniter\Debug\Exceptions->errorHandler(2, 'Undefined variable $mascotaModel', 'C:\\xampp\\htdocs\\codeigniter\\app\\Controllers\\Visita.php', 30)
 2 SYSTEMPATH\CodeIgniter.php(941): App\Controllers\Visita->getIndex()
 3 SYSTEMPATH\CodeIgniter.php(502): CodeIgniter\CodeIgniter->runController(Object(App\Controllers\Visita))
 4 SYSTEMPATH\CodeIgniter.php(361): CodeIgniter\CodeIgniter->handleRequest(null, Object(Config\Cache), false)
 5 FCPATH\index.php(79): CodeIgniter\CodeIgniter->run()
CRITICAL - 2024-04-08 17:30:28 --> ErrorException: Undefined variable $mascotaModel
in APPPATH\Controllers\Visita.php on line 30.
 1 APPPATH\Controllers\Visita.php(30): CodeIgniter\Debug\Exceptions->errorHandler(2, 'Undefined variable $mascotaModel', 'C:\\xampp\\htdocs\\codeigniter\\app\\Controllers\\Visita.php', 30)
 2 SYSTEMPATH\CodeIgniter.php(941): App\Controllers\Visita->getIndex()
 3 SYSTEMPATH\CodeIgniter.php(502): CodeIgniter\CodeIgniter->runController(Object(App\Controllers\Visita))
 4 SYSTEMPATH\CodeIgniter.php(361): CodeIgniter\CodeIgniter->handleRequest(null, Object(Config\Cache), false)
 5 FCPATH\index.php(79): CodeIgniter\CodeIgniter->run()
CRITICAL - 2024-04-08 17:33:24 --> ParseError: syntax error, unexpected token "public", expecting end of file
in APPPATH\Controllers\Visita.php on line 35.
 1 SYSTEMPATH\Autoloader\Autoloader.php(288): CodeIgniter\Autoloader\Autoloader->includeFile('C:\\xampp\\htdocs\\codeigniter\\app\\Controllers\\Visita.php')
 2 SYSTEMPATH\Autoloader\Autoloader.php(266): CodeIgniter\Autoloader\Autoloader->loadInNamespace('App\\Controllers\\Visita')
 3 [internal function]: CodeIgniter\Autoloader\Autoloader->loadClass('App\\Controllers\\Visita')
 4 SYSTEMPATH\Router\AutoRouterImproved.php(164): class_exists('\\App\\Controllers\\Visita')
 5 SYSTEMPATH\Router\AutoRouterImproved.php(268): CodeIgniter\Router\AutoRouterImproved->searchFirstController()
 6 SYSTEMPATH\Router\Router.php(514): CodeIgniter\Router\AutoRouterImproved->getRoute('visita', 'get')
 7 SYSTEMPATH\Router\Router.php(210): CodeIgniter\Router\Router->autoRoute('visita')
 8 SYSTEMPATH\CodeIgniter.php(823): CodeIgniter\Router\Router->handle('visita')
 9 SYSTEMPATH\CodeIgniter.php(450): CodeIgniter\CodeIgniter->tryToRouteIt(Object(CodeIgniter\Router\RouteCollection))
10 SYSTEMPATH\CodeIgniter.php(361): CodeIgniter\CodeIgniter->handleRequest(null, Object(Config\Cache), false)
11 FCPATH\index.php(79): CodeIgniter\CodeIgniter->run()
CRITICAL - 2024-04-08 17:33:28 --> ParseError: syntax error, unexpected token "public", expecting end of file
in APPPATH\Controllers\Visita.php on line 35.
 1 SYSTEMPATH\Autoloader\Autoloader.php(288): CodeIgniter\Autoloader\Autoloader->includeFile('C:\\xampp\\htdocs\\codeigniter\\app\\Controllers\\Visita.php')
 2 SYSTEMPATH\Autoloader\Autoloader.php(266): CodeIgniter\Autoloader\Autoloader->loadInNamespace('App\\Controllers\\Visita')
 3 [internal function]: CodeIgniter\Autoloader\Autoloader->loadClass('App\\Controllers\\Visita')
 4 SYSTEMPATH\Router\AutoRouterImproved.php(164): class_exists('\\App\\Controllers\\Visita')
 5 SYSTEMPATH\Router\AutoRouterImproved.php(268): CodeIgniter\Router\AutoRouterImproved->searchFirstController()
 6 SYSTEMPATH\Router\Router.php(514): CodeIgniter\Router\AutoRouterImproved->getRoute('visita', 'get')
 7 SYSTEMPATH\Router\Router.php(210): CodeIgniter\Router\Router->autoRoute('visita')
 8 SYSTEMPATH\CodeIgniter.php(823): CodeIgniter\Router\Router->handle('visita')
 9 SYSTEMPATH\CodeIgniter.php(450): CodeIgniter\CodeIgniter->tryToRouteIt(Object(CodeIgniter\Router\RouteCollection))
10 SYSTEMPATH\CodeIgniter.php(361): CodeIgniter\CodeIgniter->handleRequest(null, Object(Config\Cache), false)
11 FCPATH\index.php(79): CodeIgniter\CodeIgniter->run()
CRITICAL - 2024-04-08 17:37:51 --> ParseError: syntax error, unexpected token "public", expecting end of file
in APPPATH\Controllers\Visita.php on line 42.
 1 SYSTEMPATH\Autoloader\Autoloader.php(288): CodeIgniter\Autoloader\Autoloader->includeFile('C:\\xampp\\htdocs\\codeigniter\\app\\Controllers\\Visita.php')
 2 SYSTEMPATH\Autoloader\Autoloader.php(266): CodeIgniter\Autoloader\Autoloader->loadInNamespace('App\\Controllers\\Visita')
 3 [internal function]: CodeIgniter\Autoloader\Autoloader->loadClass('App\\Controllers\\Visita')
 4 SYSTEMPATH\Router\AutoRouterImproved.php(164): class_exists('\\App\\Controllers\\Visita')
 5 SYSTEMPATH\Router\AutoRouterImproved.php(268): CodeIgniter\Router\AutoRouterImproved->searchFirstController()
 6 SYSTEMPATH\Router\Router.php(514): CodeIgniter\Router\AutoRouterImproved->getRoute('visita', 'get')
 7 SYSTEMPATH\Router\Router.php(210): CodeIgniter\Router\Router->autoRoute('visita')
 8 SYSTEMPATH\CodeIgniter.php(823): CodeIgniter\Router\Router->handle('visita')
 9 SYSTEMPATH\CodeIgniter.php(450): CodeIgniter\CodeIgniter->tryToRouteIt(Object(CodeIgniter\Router\RouteCollection))
10 SYSTEMPATH\CodeIgniter.php(361): CodeIgniter\CodeIgniter->handleRequest(null, Object(Config\Cache), false)
11 FCPATH\index.php(79): CodeIgniter\CodeIgniter->run()
CRITICAL - 2024-04-08 17:45:08 --> ParseError: syntax error, unexpected token "public", expecting end of file
in APPPATH\Controllers\Visita.php on line 42.
 1 SYSTEMPATH\Autoloader\Autoloader.php(288): CodeIgniter\Autoloader\Autoloader->includeFile('C:\\xampp\\htdocs\\codeigniter\\app\\Controllers\\Visita.php')
 2 SYSTEMPATH\Autoloader\Autoloader.php(266): CodeIgniter\Autoloader\Autoloader->loadInNamespace('App\\Controllers\\Visita')
 3 [internal function]: CodeIgniter\Autoloader\Autoloader->loadClass('App\\Controllers\\Visita')
 4 SYSTEMPATH\Router\AutoRouterImproved.php(164): class_exists('\\App\\Controllers\\Visita')
 5 SYSTEMPATH\Router\AutoRouterImproved.php(268): CodeIgniter\Router\AutoRouterImproved->searchFirstController()
 6 SYSTEMPATH\Router\Router.php(514): CodeIgniter\Router\AutoRouterImproved->getRoute('visita', 'get')
 7 SYSTEMPATH\Router\Router.php(210): CodeIgniter\Router\Router->autoRoute('visita')
 8 SYSTEMPATH\CodeIgniter.php(823): CodeIgniter\Router\Router->handle('visita')
 9 SYSTEMPATH\CodeIgniter.php(450): CodeIgniter\CodeIgniter->tryToRouteIt(Object(CodeIgniter\Router\RouteCollection))
10 SYSTEMPATH\CodeIgniter.php(361): CodeIgniter\CodeIgniter->handleRequest(null, Object(Config\Cache), false)
11 FCPATH\index.php(79): CodeIgniter\CodeIgniter->run()
CRITICAL - 2024-04-08 17:45:09 --> ParseError: syntax error, unexpected token "public", expecting end of file
in APPPATH\Controllers\Visita.php on line 42.
 1 SYSTEMPATH\Autoloader\Autoloader.php(288): CodeIgniter\Autoloader\Autoloader->includeFile('C:\\xampp\\htdocs\\codeigniter\\app\\Controllers\\Visita.php')
 2 SYSTEMPATH\Autoloader\Autoloader.php(266): CodeIgniter\Autoloader\Autoloader->loadInNamespace('App\\Controllers\\Visita')
 3 [internal function]: CodeIgniter\Autoloader\Autoloader->loadClass('App\\Controllers\\Visita')
 4 SYSTEMPATH\Router\AutoRouterImproved.php(164): class_exists('\\App\\Controllers\\Visita')
 5 SYSTEMPATH\Router\AutoRouterImproved.php(268): CodeIgniter\Router\AutoRouterImproved->searchFirstController()
 6 SYSTEMPATH\Router\Router.php(514): CodeIgniter\Router\AutoRouterImproved->getRoute('visita', 'get')
 7 SYSTEMPATH\Router\Router.php(210): CodeIgniter\Router\Router->autoRoute('visita')
 8 SYSTEMPATH\CodeIgniter.php(823): CodeIgniter\Router\Router->handle('visita')
 9 SYSTEMPATH\CodeIgniter.php(450): CodeIgniter\CodeIgniter->tryToRouteIt(Object(CodeIgniter\Router\RouteCollection))
10 SYSTEMPATH\CodeIgniter.php(361): CodeIgniter\CodeIgniter->handleRequest(null, Object(Config\Cache), false)
11 FCPATH\index.php(79): CodeIgniter\CodeIgniter->run()
CRITICAL - 2024-04-08 17:45:09 --> ParseError: syntax error, unexpected token "public", expecting end of file
in APPPATH\Controllers\Visita.php on line 42.
 1 SYSTEMPATH\Autoloader\Autoloader.php(288): CodeIgniter\Autoloader\Autoloader->includeFile('C:\\xampp\\htdocs\\codeigniter\\app\\Controllers\\Visita.php')
 2 SYSTEMPATH\Autoloader\Autoloader.php(266): CodeIgniter\Autoloader\Autoloader->loadInNamespace('App\\Controllers\\Visita')
 3 [internal function]: CodeIgniter\Autoloader\Autoloader->loadClass('App\\Controllers\\Visita')
 4 SYSTEMPATH\Router\AutoRouterImproved.php(164): class_exists('\\App\\Controllers\\Visita')
 5 SYSTEMPATH\Router\AutoRouterImproved.php(268): CodeIgniter\Router\AutoRouterImproved->searchFirstController()
 6 SYSTEMPATH\Router\Router.php(514): CodeIgniter\Router\AutoRouterImproved->getRoute('visita', 'get')
 7 SYSTEMPATH\Router\Router.php(210): CodeIgniter\Router\Router->autoRoute('visita')
 8 SYSTEMPATH\CodeIgniter.php(823): CodeIgniter\Router\Router->handle('visita')
 9 SYSTEMPATH\CodeIgniter.php(450): CodeIgniter\CodeIgniter->tryToRouteIt(Object(CodeIgniter\Router\RouteCollection))
10 SYSTEMPATH\CodeIgniter.php(361): CodeIgniter\CodeIgniter->handleRequest(null, Object(Config\Cache), false)
11 FCPATH\index.php(79): CodeIgniter\CodeIgniter->run()
CRITICAL - 2024-04-08 17:45:09 --> ParseError: syntax error, unexpected token "public", expecting end of file
in APPPATH\Controllers\Visita.php on line 42.
 1 SYSTEMPATH\Autoloader\Autoloader.php(288): CodeIgniter\Autoloader\Autoloader->includeFile('C:\\xampp\\htdocs\\codeigniter\\app\\Controllers\\Visita.php')
 2 SYSTEMPATH\Autoloader\Autoloader.php(266): CodeIgniter\Autoloader\Autoloader->loadInNamespace('App\\Controllers\\Visita')
 3 [internal function]: CodeIgniter\Autoloader\Autoloader->loadClass('App\\Controllers\\Visita')
 4 SYSTEMPATH\Router\AutoRouterImproved.php(164): class_exists('\\App\\Controllers\\Visita')
 5 SYSTEMPATH\Router\AutoRouterImproved.php(268): CodeIgniter\Router\AutoRouterImproved->searchFirstController()
 6 SYSTEMPATH\Router\Router.php(514): CodeIgniter\Router\AutoRouterImproved->getRoute('visita', 'get')
 7 SYSTEMPATH\Router\Router.php(210): CodeIgniter\Router\Router->autoRoute('visita')
 8 SYSTEMPATH\CodeIgniter.php(823): CodeIgniter\Router\Router->handle('visita')
 9 SYSTEMPATH\CodeIgniter.php(450): CodeIgniter\CodeIgniter->tryToRouteIt(Object(CodeIgniter\Router\RouteCollection))
10 SYSTEMPATH\CodeIgniter.php(361): CodeIgniter\CodeIgniter->handleRequest(null, Object(Config\Cache), false)
11 FCPATH\index.php(79): CodeIgniter\CodeIgniter->run()
CRITICAL - 2024-04-08 17:45:09 --> ParseError: syntax error, unexpected token "public", expecting end of file
in APPPATH\Controllers\Visita.php on line 42.
 1 SYSTEMPATH\Autoloader\Autoloader.php(288): CodeIgniter\Autoloader\Autoloader->includeFile('C:\\xampp\\htdocs\\codeigniter\\app\\Controllers\\Visita.php')
 2 SYSTEMPATH\Autoloader\Autoloader.php(266): CodeIgniter\Autoloader\Autoloader->loadInNamespace('App\\Controllers\\Visita')
 3 [internal function]: CodeIgniter\Autoloader\Autoloader->loadClass('App\\Controllers\\Visita')
 4 SYSTEMPATH\Router\AutoRouterImproved.php(164): class_exists('\\App\\Controllers\\Visita')
 5 SYSTEMPATH\Router\AutoRouterImproved.php(268): CodeIgniter\Router\AutoRouterImproved->searchFirstController()
 6 SYSTEMPATH\Router\Router.php(514): CodeIgniter\Router\AutoRouterImproved->getRoute('visita', 'get')
 7 SYSTEMPATH\Router\Router.php(210): CodeIgniter\Router\Router->autoRoute('visita')
 8 SYSTEMPATH\CodeIgniter.php(823): CodeIgniter\Router\Router->handle('visita')
 9 SYSTEMPATH\CodeIgniter.php(450): CodeIgniter\CodeIgniter->tryToRouteIt(Object(CodeIgniter\Router\RouteCollection))
10 SYSTEMPATH\CodeIgniter.php(361): CodeIgniter\CodeIgniter->handleRequest(null, Object(Config\Cache), false)
11 FCPATH\index.php(79): CodeIgniter\CodeIgniter->run()
CRITICAL - 2024-04-08 17:45:09 --> ParseError: syntax error, unexpected token "public", expecting end of file
in APPPATH\Controllers\Visita.php on line 42.
 1 SYSTEMPATH\Autoloader\Autoloader.php(288): CodeIgniter\Autoloader\Autoloader->includeFile('C:\\xampp\\htdocs\\codeigniter\\app\\Controllers\\Visita.php')
 2 SYSTEMPATH\Autoloader\Autoloader.php(266): CodeIgniter\Autoloader\Autoloader->loadInNamespace('App\\Controllers\\Visita')
 3 [internal function]: CodeIgniter\Autoloader\Autoloader->loadClass('App\\Controllers\\Visita')
 4 SYSTEMPATH\Router\AutoRouterImproved.php(164): class_exists('\\App\\Controllers\\Visita')
 5 SYSTEMPATH\Router\AutoRouterImproved.php(268): CodeIgniter\Router\AutoRouterImproved->searchFirstController()
 6 SYSTEMPATH\Router\Router.php(514): CodeIgniter\Router\AutoRouterImproved->getRoute('visita', 'get')
 7 SYSTEMPATH\Router\Router.php(210): CodeIgniter\Router\Router->autoRoute('visita')
 8 SYSTEMPATH\CodeIgniter.php(823): CodeIgniter\Router\Router->handle('visita')
 9 SYSTEMPATH\CodeIgniter.php(450): CodeIgniter\CodeIgniter->tryToRouteIt(Object(CodeIgniter\Router\RouteCollection))
10 SYSTEMPATH\CodeIgniter.php(361): CodeIgniter\CodeIgniter->handleRequest(null, Object(Config\Cache), false)
11 FCPATH\index.php(79): CodeIgniter\CodeIgniter->run()
CRITICAL - 2024-04-08 17:45:09 --> ParseError: syntax error, unexpected token "public", expecting end of file
in APPPATH\Controllers\Visita.php on line 42.
 1 SYSTEMPATH\Autoloader\Autoloader.php(288): CodeIgniter\Autoloader\Autoloader->includeFile('C:\\xampp\\htdocs\\codeigniter\\app\\Controllers\\Visita.php')
 2 SYSTEMPATH\Autoloader\Autoloader.php(266): CodeIgniter\Autoloader\Autoloader->loadInNamespace('App\\Controllers\\Visita')
 3 [internal function]: CodeIgniter\Autoloader\Autoloader->loadClass('App\\Controllers\\Visita')
 4 SYSTEMPATH\Router\AutoRouterImproved.php(164): class_exists('\\App\\Controllers\\Visita')
 5 SYSTEMPATH\Router\AutoRouterImproved.php(268): CodeIgniter\Router\AutoRouterImproved->searchFirstController()
 6 SYSTEMPATH\Router\Router.php(514): CodeIgniter\Router\AutoRouterImproved->getRoute('visita', 'get')
 7 SYSTEMPATH\Router\Router.php(210): CodeIgniter\Router\Router->autoRoute('visita')
 8 SYSTEMPATH\CodeIgniter.php(823): CodeIgniter\Router\Router->handle('visita')
 9 SYSTEMPATH\CodeIgniter.php(450): CodeIgniter\CodeIgniter->tryToRouteIt(Object(CodeIgniter\Router\RouteCollection))
10 SYSTEMPATH\CodeIgniter.php(361): CodeIgniter\CodeIgniter->handleRequest(null, Object(Config\Cache), false)
11 FCPATH\index.php(79): CodeIgniter\CodeIgniter->run()
CRITICAL - 2024-04-08 17:48:44 --> ParseError: syntax error, unexpected token "public", expecting end of file
in APPPATH\Controllers\Visita.php on line 42.
 1 SYSTEMPATH\Autoloader\Autoloader.php(288): CodeIgniter\Autoloader\Autoloader->includeFile('C:\\xampp\\htdocs\\codeigniter\\app\\Controllers\\Visita.php')
 2 SYSTEMPATH\Autoloader\Autoloader.php(266): CodeIgniter\Autoloader\Autoloader->loadInNamespace('App\\Controllers\\Visita')
 3 [internal function]: CodeIgniter\Autoloader\Autoloader->loadClass('App\\Controllers\\Visita')
 4 SYSTEMPATH\Router\AutoRouterImproved.php(164): class_exists('\\App\\Controllers\\Visita')
 5 SYSTEMPATH\Router\AutoRouterImproved.php(268): CodeIgniter\Router\AutoRouterImproved->searchFirstController()
 6 SYSTEMPATH\Router\Router.php(514): CodeIgniter\Router\AutoRouterImproved->getRoute('visita', 'get')
 7 SYSTEMPATH\Router\Router.php(210): CodeIgniter\Router\Router->autoRoute('visita')
 8 SYSTEMPATH\CodeIgniter.php(823): CodeIgniter\Router\Router->handle('visita')
 9 SYSTEMPATH\CodeIgniter.php(450): CodeIgniter\CodeIgniter->tryToRouteIt(Object(CodeIgniter\Router\RouteCollection))
10 SYSTEMPATH\CodeIgniter.php(361): CodeIgniter\CodeIgniter->handleRequest(null, Object(Config\Cache), false)
11 FCPATH\index.php(79): CodeIgniter\CodeIgniter->run()
CRITICAL - 2024-04-08 17:48:45 --> ParseError: syntax error, unexpected token "public", expecting end of file
in APPPATH\Controllers\Visita.php on line 42.
 1 SYSTEMPATH\Autoloader\Autoloader.php(288): CodeIgniter\Autoloader\Autoloader->includeFile('C:\\xampp\\htdocs\\codeigniter\\app\\Controllers\\Visita.php')
 2 SYSTEMPATH\Autoloader\Autoloader.php(266): CodeIgniter\Autoloader\Autoloader->loadInNamespace('App\\Controllers\\Visita')
 3 [internal function]: CodeIgniter\Autoloader\Autoloader->loadClass('App\\Controllers\\Visita')
 4 SYSTEMPATH\Router\AutoRouterImproved.php(164): class_exists('\\App\\Controllers\\Visita')
 5 SYSTEMPATH\Router\AutoRouterImproved.php(268): CodeIgniter\Router\AutoRouterImproved->searchFirstController()
 6 SYSTEMPATH\Router\Router.php(514): CodeIgniter\Router\AutoRouterImproved->getRoute('visita', 'get')
 7 SYSTEMPATH\Router\Router.php(210): CodeIgniter\Router\Router->autoRoute('visita')
 8 SYSTEMPATH\CodeIgniter.php(823): CodeIgniter\Router\Router->handle('visita')
 9 SYSTEMPATH\CodeIgniter.php(450): CodeIgniter\CodeIgniter->tryToRouteIt(Object(CodeIgniter\Router\RouteCollection))
10 SYSTEMPATH\CodeIgniter.php(361): CodeIgniter\CodeIgniter->handleRequest(null, Object(Config\Cache), false)
11 FCPATH\index.php(79): CodeIgniter\CodeIgniter->run()
CRITICAL - 2024-04-08 17:48:45 --> ParseError: syntax error, unexpected token "public", expecting end of file
in APPPATH\Controllers\Visita.php on line 42.
 1 SYSTEMPATH\Autoloader\Autoloader.php(288): CodeIgniter\Autoloader\Autoloader->includeFile('C:\\xampp\\htdocs\\codeigniter\\app\\Controllers\\Visita.php')
 2 SYSTEMPATH\Autoloader\Autoloader.php(266): CodeIgniter\Autoloader\Autoloader->loadInNamespace('App\\Controllers\\Visita')
 3 [internal function]: CodeIgniter\Autoloader\Autoloader->loadClass('App\\Controllers\\Visita')
 4 SYSTEMPATH\Router\AutoRouterImproved.php(164): class_exists('\\App\\Controllers\\Visita')
 5 SYSTEMPATH\Router\AutoRouterImproved.php(268): CodeIgniter\Router\AutoRouterImproved->searchFirstController()
 6 SYSTEMPATH\Router\Router.php(514): CodeIgniter\Router\AutoRouterImproved->getRoute('visita', 'get')
 7 SYSTEMPATH\Router\Router.php(210): CodeIgniter\Router\Router->autoRoute('visita')
 8 SYSTEMPATH\CodeIgniter.php(823): CodeIgniter\Router\Router->handle('visita')
 9 SYSTEMPATH\CodeIgniter.php(450): CodeIgniter\CodeIgniter->tryToRouteIt(Object(CodeIgniter\Router\RouteCollection))
10 SYSTEMPATH\CodeIgniter.php(361): CodeIgniter\CodeIgniter->handleRequest(null, Object(Config\Cache), false)
11 FCPATH\index.php(79): CodeIgniter\CodeIgniter->run()
CRITICAL - 2024-04-08 17:48:45 --> ParseError: syntax error, unexpected token "public", expecting end of file
in APPPATH\Controllers\Visita.php on line 42.
 1 SYSTEMPATH\Autoloader\Autoloader.php(288): CodeIgniter\Autoloader\Autoloader->includeFile('C:\\xampp\\htdocs\\codeigniter\\app\\Controllers\\Visita.php')
 2 SYSTEMPATH\Autoloader\Autoloader.php(266): CodeIgniter\Autoloader\Autoloader->loadInNamespace('App\\Controllers\\Visita')
 3 [internal function]: CodeIgniter\Autoloader\Autoloader->loadClass('App\\Controllers\\Visita')
 4 SYSTEMPATH\Router\AutoRouterImproved.php(164): class_exists('\\App\\Controllers\\Visita')
 5 SYSTEMPATH\Router\AutoRouterImproved.php(268): CodeIgniter\Router\AutoRouterImproved->searchFirstController()
 6 SYSTEMPATH\Router\Router.php(514): CodeIgniter\Router\AutoRouterImproved->getRoute('visita', 'get')
 7 SYSTEMPATH\Router\Router.php(210): CodeIgniter\Router\Router->autoRoute('visita')
 8 SYSTEMPATH\CodeIgniter.php(823): CodeIgniter\Router\Router->handle('visita')
 9 SYSTEMPATH\CodeIgniter.php(450): CodeIgniter\CodeIgniter->tryToRouteIt(Object(CodeIgniter\Router\RouteCollection))
10 SYSTEMPATH\CodeIgniter.php(361): CodeIgniter\CodeIgniter->handleRequest(null, Object(Config\Cache), false)
11 FCPATH\index.php(79): CodeIgniter\CodeIgniter->run()
CRITICAL - 2024-04-08 17:48:45 --> ParseError: syntax error, unexpected token "public", expecting end of file
in APPPATH\Controllers\Visita.php on line 42.
 1 SYSTEMPATH\Autoloader\Autoloader.php(288): CodeIgniter\Autoloader\Autoloader->includeFile('C:\\xampp\\htdocs\\codeigniter\\app\\Controllers\\Visita.php')
 2 SYSTEMPATH\Autoloader\Autoloader.php(266): CodeIgniter\Autoloader\Autoloader->loadInNamespace('App\\Controllers\\Visita')
 3 [internal function]: CodeIgniter\Autoloader\Autoloader->loadClass('App\\Controllers\\Visita')
 4 SYSTEMPATH\Router\AutoRouterImproved.php(164): class_exists('\\App\\Controllers\\Visita')
 5 SYSTEMPATH\Router\AutoRouterImproved.php(268): CodeIgniter\Router\AutoRouterImproved->searchFirstController()
 6 SYSTEMPATH\Router\Router.php(514): CodeIgniter\Router\AutoRouterImproved->getRoute('visita', 'get')
 7 SYSTEMPATH\Router\Router.php(210): CodeIgniter\Router\Router->autoRoute('visita')
 8 SYSTEMPATH\CodeIgniter.php(823): CodeIgniter\Router\Router->handle('visita')
 9 SYSTEMPATH\CodeIgniter.php(450): CodeIgniter\CodeIgniter->tryToRouteIt(Object(CodeIgniter\Router\RouteCollection))
10 SYSTEMPATH\CodeIgniter.php(361): CodeIgniter\CodeIgniter->handleRequest(null, Object(Config\Cache), false)
11 FCPATH\index.php(79): CodeIgniter\CodeIgniter->run()
CRITICAL - 2024-04-08 17:48:45 --> ParseError: syntax error, unexpected token "public", expecting end of file
in APPPATH\Controllers\Visita.php on line 42.
 1 SYSTEMPATH\Autoloader\Autoloader.php(288): CodeIgniter\Autoloader\Autoloader->includeFile('C:\\xampp\\htdocs\\codeigniter\\app\\Controllers\\Visita.php')
 2 SYSTEMPATH\Autoloader\Autoloader.php(266): CodeIgniter\Autoloader\Autoloader->loadInNamespace('App\\Controllers\\Visita')
 3 [internal function]: CodeIgniter\Autoloader\Autoloader->loadClass('App\\Controllers\\Visita')
 4 SYSTEMPATH\Router\AutoRouterImproved.php(164): class_exists('\\App\\Controllers\\Visita')
 5 SYSTEMPATH\Router\AutoRouterImproved.php(268): CodeIgniter\Router\AutoRouterImproved->searchFirstController()
 6 SYSTEMPATH\Router\Router.php(514): CodeIgniter\Router\AutoRouterImproved->getRoute('visita', 'get')
 7 SYSTEMPATH\Router\Router.php(210): CodeIgniter\Router\Router->autoRoute('visita')
 8 SYSTEMPATH\CodeIgniter.php(823): CodeIgniter\Router\Router->handle('visita')
 9 SYSTEMPATH\CodeIgniter.php(450): CodeIgniter\CodeIgniter->tryToRouteIt(Object(CodeIgniter\Router\RouteCollection))
10 SYSTEMPATH\CodeIgniter.php(361): CodeIgniter\CodeIgniter->handleRequest(null, Object(Config\Cache), false)
11 FCPATH\index.php(79): CodeIgniter\CodeIgniter->run()
CRITICAL - 2024-04-08 17:48:45 --> ParseError: syntax error, unexpected token "public", expecting end of file
in APPPATH\Controllers\Visita.php on line 42.
 1 SYSTEMPATH\Autoloader\Autoloader.php(288): CodeIgniter\Autoloader\Autoloader->includeFile('C:\\xampp\\htdocs\\codeigniter\\app\\Controllers\\Visita.php')
 2 SYSTEMPATH\Autoloader\Autoloader.php(266): CodeIgniter\Autoloader\Autoloader->loadInNamespace('App\\Controllers\\Visita')
 3 [internal function]: CodeIgniter\Autoloader\Autoloader->loadClass('App\\Controllers\\Visita')
 4 SYSTEMPATH\Router\AutoRouterImproved.php(164): class_exists('\\App\\Controllers\\Visita')
 5 SYSTEMPATH\Router\AutoRouterImproved.php(268): CodeIgniter\Router\AutoRouterImproved->searchFirstController()
 6 SYSTEMPATH\Router\Router.php(514): CodeIgniter\Router\AutoRouterImproved->getRoute('visita', 'get')
 7 SYSTEMPATH\Router\Router.php(210): CodeIgniter\Router\Router->autoRoute('visita')
 8 SYSTEMPATH\CodeIgniter.php(823): CodeIgniter\Router\Router->handle('visita')
 9 SYSTEMPATH\CodeIgniter.php(450): CodeIgniter\CodeIgniter->tryToRouteIt(Object(CodeIgniter\Router\RouteCollection))
10 SYSTEMPATH\CodeIgniter.php(361): CodeIgniter\CodeIgniter->handleRequest(null, Object(Config\Cache), false)
11 FCPATH\index.php(79): CodeIgniter\CodeIgniter->run()
CRITICAL - 2024-04-08 17:48:46 --> ParseError: syntax error, unexpected token "public", expecting end of file
in APPPATH\Controllers\Visita.php on line 42.
 1 SYSTEMPATH\Autoloader\Autoloader.php(288): CodeIgniter\Autoloader\Autoloader->includeFile('C:\\xampp\\htdocs\\codeigniter\\app\\Controllers\\Visita.php')
 2 SYSTEMPATH\Autoloader\Autoloader.php(266): CodeIgniter\Autoloader\Autoloader->loadInNamespace('App\\Controllers\\Visita')
 3 [internal function]: CodeIgniter\Autoloader\Autoloader->loadClass('App\\Controllers\\Visita')
 4 SYSTEMPATH\Router\AutoRouterImproved.php(164): class_exists('\\App\\Controllers\\Visita')
 5 SYSTEMPATH\Router\AutoRouterImproved.php(268): CodeIgniter\Router\AutoRouterImproved->searchFirstController()
 6 SYSTEMPATH\Router\Router.php(514): CodeIgniter\Router\AutoRouterImproved->getRoute('visita', 'get')
 7 SYSTEMPATH\Router\Router.php(210): CodeIgniter\Router\Router->autoRoute('visita')
 8 SYSTEMPATH\CodeIgniter.php(823): CodeIgniter\Router\Router->handle('visita')
 9 SYSTEMPATH\CodeIgniter.php(450): CodeIgniter\CodeIgniter->tryToRouteIt(Object(CodeIgniter\Router\RouteCollection))
10 SYSTEMPATH\CodeIgniter.php(361): CodeIgniter\CodeIgniter->handleRequest(null, Object(Config\Cache), false)
11 FCPATH\index.php(79): CodeIgniter\CodeIgniter->run()
CRITICAL - 2024-04-08 17:54:05 --> ParseError: syntax error, unexpected token "public", expecting end of file
in APPPATH\Controllers\Visita.php on line 42.
 1 SYSTEMPATH\Autoloader\Autoloader.php(288): CodeIgniter\Autoloader\Autoloader->includeFile('C:\\xampp\\htdocs\\codeigniter\\app\\Controllers\\Visita.php')
 2 SYSTEMPATH\Autoloader\Autoloader.php(266): CodeIgniter\Autoloader\Autoloader->loadInNamespace('App\\Controllers\\Visita')
 3 [internal function]: CodeIgniter\Autoloader\Autoloader->loadClass('App\\Controllers\\Visita')
 4 SYSTEMPATH\Router\AutoRouterImproved.php(164): class_exists('\\App\\Controllers\\Visita')
 5 SYSTEMPATH\Router\AutoRouterImproved.php(268): CodeIgniter\Router\AutoRouterImproved->searchFirstController()
 6 SYSTEMPATH\Router\Router.php(514): CodeIgniter\Router\AutoRouterImproved->getRoute('visita', 'get')
 7 SYSTEMPATH\Router\Router.php(210): CodeIgniter\Router\Router->autoRoute('visita')
 8 SYSTEMPATH\CodeIgniter.php(823): CodeIgniter\Router\Router->handle('visita')
 9 SYSTEMPATH\CodeIgniter.php(450): CodeIgniter\CodeIgniter->tryToRouteIt(Object(CodeIgniter\Router\RouteCollection))
10 SYSTEMPATH\CodeIgniter.php(361): CodeIgniter\CodeIgniter->handleRequest(null, Object(Config\Cache), false)
11 FCPATH\index.php(79): CodeIgniter\CodeIgniter->run()
