ERROR - 2024-04-11 01:58:07 --> mysqli_sql_exception: Unknown column 'visita.nombre' in 'field list' in C:\xampp\htdocs\codeigniter\system\Database\MySQLi\Connection.php:306
Stack trace:
#0 C:\xampp\htdocs\codeigniter\system\Database\MySQLi\Connection.php(306): mysqli->query('SELECT `receta`...', 0)
#1 C:\xampp\htdocs\codeigniter\system\Database\BaseConnection.php(693): CodeIgniter\Database\MySQLi\Connection->execute('SELECT `receta`...')
#2 C:\xampp\htdocs\codeigniter\system\Database\BaseConnection.php(607): CodeIgniter\Database\BaseConnection->simpleQuery('SELECT `receta`...')
#3 C:\xampp\htdocs\codeigniter\system\Database\BaseBuilder.php(1616): CodeIgniter\Database\BaseConnection->query('SELECT `receta`...', Array, false)
#4 C:\xampp\htdocs\codeigniter\system\Model.php(242): CodeIgniter\Database\BaseBuilder->get()
#5 C:\xampp\htdocs\codeigniter\system\BaseModel.php(638): CodeIgniter\Model->doFindAll(0, 0)
#6 C:\xampp\htdocs\codeigniter\app\Controllers\Receta.php(47): CodeIgniter\BaseModel->findAll()
#7 C:\xampp\htdocs\codeigniter\system\CodeIgniter.php(941): App\Controllers\Receta->postGetAll()
#8 C:\xampp\htdocs\codeigniter\system\CodeIgniter.php(502): CodeIgniter\CodeIgniter->runController(Object(App\Controllers\Receta))
#9 C:\xampp\htdocs\codeigniter\system\CodeIgniter.php(361): CodeIgniter\CodeIgniter->handleRequest(NULL, Object(Config\Cache), false)
#10 C:\xampp\htdocs\codeigniter\public\index.php(79): CodeIgniter\CodeIgniter->run()
#11 {main}
CRITICAL - 2024-04-11 01:58:07 --> CodeIgniter\Database\Exceptions\DatabaseException: Unknown column 'visita.nombre' in 'field list'
in SYSTEMPATH\Database\BaseConnection.php on line 647.
 1 SYSTEMPATH\Database\BaseBuilder.php(1616): CodeIgniter\Database\BaseConnection->query('SELECT `receta`.`id_receta`, `visita`.`nombre` as `nombre_mascota`, `visita`.`id_mascota`, `medico`.`nombre_completo` as `nombre_medico`, `visita`.`id_medico`, `visita`.`fecha_visita`, `visita`.`tipo_servicio`, `visita`.`descripcion_servicio`
FROM `receta`
JOIN `mascota` ON `mascota`.`id_mascota` = `visita`.`id_mascota`', [], false)
 2 SYSTEMPATH\Model.php(242): CodeIgniter\Database\BaseBuilder->get()
 3 SYSTEMPATH\BaseModel.php(638): CodeIgniter\Model->doFindAll(0, 0)
 4 APPPATH\Controllers\Receta.php(47): CodeIgniter\BaseModel->findAll()
 5 SYSTEMPATH\CodeIgniter.php(941): App\Controllers\Receta->postGetAll()
 6 SYSTEMPATH\CodeIgniter.php(502): CodeIgniter\CodeIgniter->runController(Object(App\Controllers\Receta))
 7 SYSTEMPATH\CodeIgniter.php(361): CodeIgniter\CodeIgniter->handleRequest(null, Object(Config\Cache), false)
 8 FCPATH\index.php(79): CodeIgniter\CodeIgniter->run()
CRITICAL - 2024-04-11 01:58:07 --> [Caused by] CodeIgniter\Database\Exceptions\DatabaseException: Unknown column 'visita.nombre' in 'field list'
in SYSTEMPATH\Database\MySQLi\Connection.php on line 311.
 1 SYSTEMPATH\Database\BaseConnection.php(693): CodeIgniter\Database\MySQLi\Connection->execute('SELECT `receta`.`id_receta`, `visita`.`nombre` as `nombre_mascota`, `visita`.`id_mascota`, `medico`.`nombre_completo` as `nombre_medico`, `visita`.`id_medico`, `visita`.`fecha_visita`, `visita`.`tipo_servicio`, `visita`.`descripcion_servicio`
FROM `receta`
JOIN `mascota` ON `mascota`.`id_mascota` = `visita`.`id_mascota`')
 2 SYSTEMPATH\Database\BaseConnection.php(607): CodeIgniter\Database\BaseConnection->simpleQuery('SELECT `receta`.`id_receta`, `visita`.`nombre` as `nombre_mascota`, `visita`.`id_mascota`, `medico`.`nombre_completo` as `nombre_medico`, `visita`.`id_medico`, `visita`.`fecha_visita`, `visita`.`tipo_servicio`, `visita`.`descripcion_servicio`
FROM `receta`
JOIN `mascota` ON `mascota`.`id_mascota` = `visita`.`id_mascota`')
 3 SYSTEMPATH\Database\BaseBuilder.php(1616): CodeIgniter\Database\BaseConnection->query('SELECT `receta`.`id_receta`, `visita`.`nombre` as `nombre_mascota`, `visita`.`id_mascota`, `medico`.`nombre_completo` as `nombre_medico`, `visita`.`id_medico`, `visita`.`fecha_visita`, `visita`.`tipo_servicio`, `visita`.`descripcion_servicio`
FROM `receta`
JOIN `mascota` ON `mascota`.`id_mascota` = `visita`.`id_mascota`', [], false)
 4 SYSTEMPATH\Model.php(242): CodeIgniter\Database\BaseBuilder->get()
 5 SYSTEMPATH\BaseModel.php(638): CodeIgniter\Model->doFindAll(0, 0)
 6 APPPATH\Controllers\Receta.php(47): CodeIgniter\BaseModel->findAll()
 7 SYSTEMPATH\CodeIgniter.php(941): App\Controllers\Receta->postGetAll()
 8 SYSTEMPATH\CodeIgniter.php(502): CodeIgniter\CodeIgniter->runController(Object(App\Controllers\Receta))
 9 SYSTEMPATH\CodeIgniter.php(361): CodeIgniter\CodeIgniter->handleRequest(null, Object(Config\Cache), false)
10 FCPATH\index.php(79): CodeIgniter\CodeIgniter->run()
CRITICAL - 2024-04-11 01:58:07 --> [Caused by] mysqli_sql_exception: Unknown column 'visita.nombre' in 'field list'
in SYSTEMPATH\Database\MySQLi\Connection.php on line 306.
 1 SYSTEMPATH\Database\MySQLi\Connection.php(306): mysqli->query('SELECT `receta`.`id_receta`, `visita`.`nombre` as `nombre_mascota`, `visita`.`id_mascota`, `medico`.`nombre_completo` as `nombre_medico`, `visita`.`id_medico`, `visita`.`fecha_visita`, `visita`.`tipo_servicio`, `visita`.`descripcion_servicio`
FROM `receta`
JOIN `mascota` ON `mascota`.`id_mascota` = `visita`.`id_mascota`', 0)
 2 SYSTEMPATH\Database\BaseConnection.php(693): CodeIgniter\Database\MySQLi\Connection->execute('SELECT `receta`.`id_receta`, `visita`.`nombre` as `nombre_mascota`, `visita`.`id_mascota`, `medico`.`nombre_completo` as `nombre_medico`, `visita`.`id_medico`, `visita`.`fecha_visita`, `visita`.`tipo_servicio`, `visita`.`descripcion_servicio`
FROM `receta`
JOIN `mascota` ON `mascota`.`id_mascota` = `visita`.`id_mascota`')
 3 SYSTEMPATH\Database\BaseConnection.php(607): CodeIgniter\Database\BaseConnection->simpleQuery('SELECT `receta`.`id_receta`, `visita`.`nombre` as `nombre_mascota`, `visita`.`id_mascota`, `medico`.`nombre_completo` as `nombre_medico`, `visita`.`id_medico`, `visita`.`fecha_visita`, `visita`.`tipo_servicio`, `visita`.`descripcion_servicio`
FROM `receta`
JOIN `mascota` ON `mascota`.`id_mascota` = `visita`.`id_mascota`')
 4 SYSTEMPATH\Database\BaseBuilder.php(1616): CodeIgniter\Database\BaseConnection->query('SELECT `receta`.`id_receta`, `visita`.`nombre` as `nombre_mascota`, `visita`.`id_mascota`, `medico`.`nombre_completo` as `nombre_medico`, `visita`.`id_medico`, `visita`.`fecha_visita`, `visita`.`tipo_servicio`, `visita`.`descripcion_servicio`
FROM `receta`
JOIN `mascota` ON `mascota`.`id_mascota` = `visita`.`id_mascota`', [], false)
 5 SYSTEMPATH\Model.php(242): CodeIgniter\Database\BaseBuilder->get()
 6 SYSTEMPATH\BaseModel.php(638): CodeIgniter\Model->doFindAll(0, 0)
 7 APPPATH\Controllers\Receta.php(47): CodeIgniter\BaseModel->findAll()
 8 SYSTEMPATH\CodeIgniter.php(941): App\Controllers\Receta->postGetAll()
 9 SYSTEMPATH\CodeIgniter.php(502): CodeIgniter\CodeIgniter->runController(Object(App\Controllers\Receta))
10 SYSTEMPATH\CodeIgniter.php(361): CodeIgniter\CodeIgniter->handleRequest(null, Object(Config\Cache), false)
11 FCPATH\index.php(79): CodeIgniter\CodeIgniter->run()
