ERROR - 2024-02-21 16:58:20 --> mysqli_sql_exception: Cannot add or update a child row: a foreign key constraint fails (`tallersito`.`carros`, CONSTRAINT `carros_ibfk_1` FOREIGN KEY (`id_user`) REFERENCES `user` (`id_user`)) in C:\xampp\htdocs\codeigniter\system\Database\MySQLi\Connection.php:306
Stack trace:
#0 C:\xampp\htdocs\codeigniter\system\Database\MySQLi\Connection.php(306): mysqli->query('INSERT INTO `ca...', 0)
#1 C:\xampp\htdocs\codeigniter\system\Database\BaseConnection.php(693): CodeIgniter\Database\MySQLi\Connection->execute('INSERT INTO `ca...')
#2 C:\xampp\htdocs\codeigniter\system\Database\BaseConnection.php(607): CodeIgniter\Database\BaseConnection->simpleQuery('INSERT INTO `ca...')
#3 C:\xampp\htdocs\codeigniter\system\Database\BaseBuilder.php(2307): CodeIgniter\Database\BaseConnection->query('INSERT INTO `ca...', Array, false)
#4 C:\xampp\htdocs\codeigniter\system\Model.php(326): CodeIgniter\Database\BaseBuilder->insert()
#5 C:\xampp\htdocs\codeigniter\system\BaseModel.php(802): CodeIgniter\Model->doInsert(Array)
#6 C:\xampp\htdocs\codeigniter\system\Model.php(744): CodeIgniter\BaseModel->insert(Array, true)
#7 C:\xampp\htdocs\codeigniter\app\Controllers\Carros.php(108): CodeIgniter\Model->insert(Array)
#8 C:\xampp\htdocs\codeigniter\system\CodeIgniter.php(941): App\Controllers\Carros->postAdd()
#9 C:\xampp\htdocs\codeigniter\system\CodeIgniter.php(502): CodeIgniter\CodeIgniter->runController(Object(App\Controllers\Carros))
#10 C:\xampp\htdocs\codeigniter\system\CodeIgniter.php(361): CodeIgniter\CodeIgniter->handleRequest(NULL, Object(Config\Cache), false)
#11 C:\xampp\htdocs\codeigniter\public\index.php(79): CodeIgniter\CodeIgniter->run()
#12 {main}
CRITICAL - 2024-02-21 16:58:20 --> CodeIgniter\Database\Exceptions\DatabaseException: Cannot add or update a child row: a foreign key constraint fails (`tallersito`.`carros`, CONSTRAINT `carros_ibfk_1` FOREIGN KEY (`id_user`) REFERENCES `user` (`id_user`))
in SYSTEMPATH\Database\BaseConnection.php on line 647.
 1 SYSTEMPATH\Database\BaseBuilder.php(2307): CodeIgniter\Database\BaseConnection->query('INSERT INTO `carros` (`marca_carro`, `placa_carro`, `id_user`) VALUES (:marca_carro:, :placa_carro:, :id_user:)', [...], false)
 2 SYSTEMPATH\Model.php(326): CodeIgniter\Database\BaseBuilder->insert()
 3 SYSTEMPATH\BaseModel.php(802): CodeIgniter\Model->doInsert([...])
 4 SYSTEMPATH\Model.php(744): CodeIgniter\BaseModel->insert([...], true)
 5 APPPATH\Controllers\Carros.php(108): CodeIgniter\Model->insert([...])
 6 SYSTEMPATH\CodeIgniter.php(941): App\Controllers\Carros->postAdd()
 7 SYSTEMPATH\CodeIgniter.php(502): CodeIgniter\CodeIgniter->runController(Object(App\Controllers\Carros))
 8 SYSTEMPATH\CodeIgniter.php(361): CodeIgniter\CodeIgniter->handleRequest(null, Object(Config\Cache), false)
 9 FCPATH\index.php(79): CodeIgniter\CodeIgniter->run()
CRITICAL - 2024-02-21 16:58:20 --> [Caused by] CodeIgniter\Database\Exceptions\DatabaseException: Cannot add or update a child row: a foreign key constraint fails (`tallersito`.`carros`, CONSTRAINT `carros_ibfk_1` FOREIGN KEY (`id_user`) REFERENCES `user` (`id_user`))
in SYSTEMPATH\Database\MySQLi\Connection.php on line 311.
 1 SYSTEMPATH\Database\BaseConnection.php(693): CodeIgniter\Database\MySQLi\Connection->execute('INSERT INTO `carros` (`marca_carro`, `placa_carro`, `id_user`) VALUES (\'pruebas\', \'541854sgv3\', \'2\')')
 2 SYSTEMPATH\Database\BaseConnection.php(607): CodeIgniter\Database\BaseConnection->simpleQuery('INSERT INTO `carros` (`marca_carro`, `placa_carro`, `id_user`) VALUES (\'pruebas\', \'541854sgv3\', \'2\')')
 3 SYSTEMPATH\Database\BaseBuilder.php(2307): CodeIgniter\Database\BaseConnection->query('INSERT INTO `carros` (`marca_carro`, `placa_carro`, `id_user`) VALUES (:marca_carro:, :placa_carro:, :id_user:)', [...], false)
 4 SYSTEMPATH\Model.php(326): CodeIgniter\Database\BaseBuilder->insert()
 5 SYSTEMPATH\BaseModel.php(802): CodeIgniter\Model->doInsert([...])
 6 SYSTEMPATH\Model.php(744): CodeIgniter\BaseModel->insert([...], true)
 7 APPPATH\Controllers\Carros.php(108): CodeIgniter\Model->insert([...])
 8 SYSTEMPATH\CodeIgniter.php(941): App\Controllers\Carros->postAdd()
 9 SYSTEMPATH\CodeIgniter.php(502): CodeIgniter\CodeIgniter->runController(Object(App\Controllers\Carros))
10 SYSTEMPATH\CodeIgniter.php(361): CodeIgniter\CodeIgniter->handleRequest(null, Object(Config\Cache), false)
11 FCPATH\index.php(79): CodeIgniter\CodeIgniter->run()
CRITICAL - 2024-02-21 16:58:20 --> [Caused by] mysqli_sql_exception: Cannot add or update a child row: a foreign key constraint fails (`tallersito`.`carros`, CONSTRAINT `carros_ibfk_1` FOREIGN KEY (`id_user`) REFERENCES `user` (`id_user`))
in SYSTEMPATH\Database\MySQLi\Connection.php on line 306.
 1 SYSTEMPATH\Database\MySQLi\Connection.php(306): mysqli->query('INSERT INTO `carros` (`marca_carro`, `placa_carro`, `id_user`) VALUES (\'pruebas\', \'541854sgv3\', \'2\')', 0)
 2 SYSTEMPATH\Database\BaseConnection.php(693): CodeIgniter\Database\MySQLi\Connection->execute('INSERT INTO `carros` (`marca_carro`, `placa_carro`, `id_user`) VALUES (\'pruebas\', \'541854sgv3\', \'2\')')
 3 SYSTEMPATH\Database\BaseConnection.php(607): CodeIgniter\Database\BaseConnection->simpleQuery('INSERT INTO `carros` (`marca_carro`, `placa_carro`, `id_user`) VALUES (\'pruebas\', \'541854sgv3\', \'2\')')
 4 SYSTEMPATH\Database\BaseBuilder.php(2307): CodeIgniter\Database\BaseConnection->query('INSERT INTO `carros` (`marca_carro`, `placa_carro`, `id_user`) VALUES (:marca_carro:, :placa_carro:, :id_user:)', [...], false)
 5 SYSTEMPATH\Model.php(326): CodeIgniter\Database\BaseBuilder->insert()
 6 SYSTEMPATH\BaseModel.php(802): CodeIgniter\Model->doInsert([...])
 7 SYSTEMPATH\Model.php(744): CodeIgniter\BaseModel->insert([...], true)
 8 APPPATH\Controllers\Carros.php(108): CodeIgniter\Model->insert([...])
 9 SYSTEMPATH\CodeIgniter.php(941): App\Controllers\Carros->postAdd()
10 SYSTEMPATH\CodeIgniter.php(502): CodeIgniter\CodeIgniter->runController(Object(App\Controllers\Carros))
11 SYSTEMPATH\CodeIgniter.php(361): CodeIgniter\CodeIgniter->handleRequest(null, Object(Config\Cache), false)
12 FCPATH\index.php(79): CodeIgniter\CodeIgniter->run()
ERROR - 2024-02-21 16:59:21 --> mysqli_sql_exception: Cannot delete or update a parent row: a foreign key constraint fails (`tallersito`.`pieza_reparada`, CONSTRAINT `pieza_reparada_ibfk_2` FOREIGN KEY (`id_carro`) REFERENCES `carros` (`id_carro`)) in C:\xampp\htdocs\codeigniter\system\Database\MySQLi\Connection.php:306
Stack trace:
#0 C:\xampp\htdocs\codeigniter\system\Database\MySQLi\Connection.php(306): mysqli->query('DELETE FROM `ca...', 0)
#1 C:\xampp\htdocs\codeigniter\system\Database\BaseConnection.php(693): CodeIgniter\Database\MySQLi\Connection->execute('DELETE FROM `ca...')
#2 C:\xampp\htdocs\codeigniter\system\Database\BaseConnection.php(607): CodeIgniter\Database\BaseConnection->simpleQuery('DELETE FROM `ca...')
#3 C:\xampp\htdocs\codeigniter\system\Database\BaseBuilder.php(2787): CodeIgniter\Database\BaseConnection->query('DELETE FROM `ca...', Array, false)
#4 C:\xampp\htdocs\codeigniter\system\Model.php(453): CodeIgniter\Database\BaseBuilder->delete()
#5 C:\xampp\htdocs\codeigniter\system\BaseModel.php(1117): CodeIgniter\Model->doDelete(NULL, false)
#6 C:\xampp\htdocs\codeigniter\app\Controllers\Carros.php(176): CodeIgniter\BaseModel->delete()
#7 C:\xampp\htdocs\codeigniter\system\CodeIgniter.php(941): App\Controllers\Carros->postRemove()
#8 C:\xampp\htdocs\codeigniter\system\CodeIgniter.php(502): CodeIgniter\CodeIgniter->runController(Object(App\Controllers\Carros))
#9 C:\xampp\htdocs\codeigniter\system\CodeIgniter.php(361): CodeIgniter\CodeIgniter->handleRequest(NULL, Object(Config\Cache), false)
#10 C:\xampp\htdocs\codeigniter\public\index.php(79): CodeIgniter\CodeIgniter->run()
#11 {main}
CRITICAL - 2024-02-21 16:59:21 --> CodeIgniter\Database\Exceptions\DatabaseException: Cannot delete or update a parent row: a foreign key constraint fails (`tallersito`.`pieza_reparada`, CONSTRAINT `pieza_reparada_ibfk_2` FOREIGN KEY (`id_carro`) REFERENCES `carros` (`id_carro`))
in SYSTEMPATH\Database\BaseConnection.php on line 647.
 1 SYSTEMPATH\Database\BaseBuilder.php(2787): CodeIgniter\Database\BaseConnection->query('DELETE FROM `carros`
WHERE `id_carro` = :id_carro:', [...], false)
 2 SYSTEMPATH\Model.php(453): CodeIgniter\Database\BaseBuilder->delete()
 3 SYSTEMPATH\BaseModel.php(1117): CodeIgniter\Model->doDelete(null, false)
 4 APPPATH\Controllers\Carros.php(176): CodeIgniter\BaseModel->delete()
 5 SYSTEMPATH\CodeIgniter.php(941): App\Controllers\Carros->postRemove()
 6 SYSTEMPATH\CodeIgniter.php(502): CodeIgniter\CodeIgniter->runController(Object(App\Controllers\Carros))
 7 SYSTEMPATH\CodeIgniter.php(361): CodeIgniter\CodeIgniter->handleRequest(null, Object(Config\Cache), false)
 8 FCPATH\index.php(79): CodeIgniter\CodeIgniter->run()
CRITICAL - 2024-02-21 16:59:21 --> [Caused by] CodeIgniter\Database\Exceptions\DatabaseException: Cannot delete or update a parent row: a foreign key constraint fails (`tallersito`.`pieza_reparada`, CONSTRAINT `pieza_reparada_ibfk_2` FOREIGN KEY (`id_carro`) REFERENCES `carros` (`id_carro`))
in SYSTEMPATH\Database\MySQLi\Connection.php on line 311.
 1 SYSTEMPATH\Database\BaseConnection.php(693): CodeIgniter\Database\MySQLi\Connection->execute('DELETE FROM `carros`
WHERE `id_carro` = \'2\'')
 2 SYSTEMPATH\Database\BaseConnection.php(607): CodeIgniter\Database\BaseConnection->simpleQuery('DELETE FROM `carros`
WHERE `id_carro` = \'2\'')
 3 SYSTEMPATH\Database\BaseBuilder.php(2787): CodeIgniter\Database\BaseConnection->query('DELETE FROM `carros`
WHERE `id_carro` = :id_carro:', [...], false)
 4 SYSTEMPATH\Model.php(453): CodeIgniter\Database\BaseBuilder->delete()
 5 SYSTEMPATH\BaseModel.php(1117): CodeIgniter\Model->doDelete(null, false)
 6 APPPATH\Controllers\Carros.php(176): CodeIgniter\BaseModel->delete()
 7 SYSTEMPATH\CodeIgniter.php(941): App\Controllers\Carros->postRemove()
 8 SYSTEMPATH\CodeIgniter.php(502): CodeIgniter\CodeIgniter->runController(Object(App\Controllers\Carros))
 9 SYSTEMPATH\CodeIgniter.php(361): CodeIgniter\CodeIgniter->handleRequest(null, Object(Config\Cache), false)
10 FCPATH\index.php(79): CodeIgniter\CodeIgniter->run()
CRITICAL - 2024-02-21 16:59:21 --> [Caused by] mysqli_sql_exception: Cannot delete or update a parent row: a foreign key constraint fails (`tallersito`.`pieza_reparada`, CONSTRAINT `pieza_reparada_ibfk_2` FOREIGN KEY (`id_carro`) REFERENCES `carros` (`id_carro`))
in SYSTEMPATH\Database\MySQLi\Connection.php on line 306.
 1 SYSTEMPATH\Database\MySQLi\Connection.php(306): mysqli->query('DELETE FROM `carros`
WHERE `id_carro` = \'2\'', 0)
 2 SYSTEMPATH\Database\BaseConnection.php(693): CodeIgniter\Database\MySQLi\Connection->execute('DELETE FROM `carros`
WHERE `id_carro` = \'2\'')
 3 SYSTEMPATH\Database\BaseConnection.php(607): CodeIgniter\Database\BaseConnection->simpleQuery('DELETE FROM `carros`
WHERE `id_carro` = \'2\'')
 4 SYSTEMPATH\Database\BaseBuilder.php(2787): CodeIgniter\Database\BaseConnection->query('DELETE FROM `carros`
WHERE `id_carro` = :id_carro:', [...], false)
 5 SYSTEMPATH\Model.php(453): CodeIgniter\Database\BaseBuilder->delete()
 6 SYSTEMPATH\BaseModel.php(1117): CodeIgniter\Model->doDelete(null, false)
 7 APPPATH\Controllers\Carros.php(176): CodeIgniter\BaseModel->delete()
 8 SYSTEMPATH\CodeIgniter.php(941): App\Controllers\Carros->postRemove()
 9 SYSTEMPATH\CodeIgniter.php(502): CodeIgniter\CodeIgniter->runController(Object(App\Controllers\Carros))
10 SYSTEMPATH\CodeIgniter.php(361): CodeIgniter\CodeIgniter->handleRequest(null, Object(Config\Cache), false)
11 FCPATH\index.php(79): CodeIgniter\CodeIgniter->run()
